#
# A fatal error has been detected by the Java Runtime Environment:
#
#  EXCEPTION_ACCESS_VIOLATION (0xc0000005) at pc=0x0000000069443b57, pid=31568, tid=0x0000000000008388
#
# JRE version: Java(TM) SE Runtime Environment (8.0_121-b13) (build 1.8.0_121-b13)
# Java VM: Java HotSpot(TM) 64-Bit Server VM (25.121-b13 mixed mode windows-amd64 compressed oops)
# Problematic frame:
# V  [jvm.dll+0x213b57]
#
# Failed to write core dump. Minidumps are not enabled by default on client versions of Windows
#
# If you would like to submit a bug report, please visit:
#   http://bugreport.java.com/bugreport/crash.jsp
#

---------------  T H R E A D  ---------------

Current thread (0x000000001bcb8000):  JavaThread "http-nio-8888-exec-7" daemon [_thread_in_vm, id=33672, stack(0x000000001ded0000,0x000000001dfd0000)]

siginfo: ExceptionCode=0xc0000005, writing address 0x000000001dfc8e90

Registers:
RAX=0x000000001dfc8e90, RBX=0x0000000000000007, RCX=0x0000000000006000, RDX=0x0000000000000006
RSP=0x000000001dfcee90, RBP=0x0000000000000000, RSI=0x000000001dfcee90, RDI=0x0000000000000007
R8 =0x0000000000000006, R9 =0x000000001bbde900, R10=0x0000000016bfb8e0, R11=0x000000001deda148
R12=0x000000001bbde900, R13=0x000000001bcb8000, R14=0x000000001dfcef58, R15=0x0000000016bfb8e0
RIP=0x0000000069443b57, EFLAGS=0x0000000000010206

Top of Stack: (sp=0x000000001dfcee90)
0x000000001dfcee90:   0000000000000001 0000000000000048
0x000000001dfceea0:   000000001bcb8000 000000001bbde900
0x000000001dfceeb0:   00000000ffffffff 0000000069444a87
0x000000001dfceec0:   000000001dfcefc0 0000000016bfb8e0
0x000000001dfceed0:   000000001bcb8000 00000000692f0923
0x000000001dfceee0:   000000001dfcef20 000000001bcb8000
0x000000001dfceef0:   000000001dfcefb0 000000001bcb8000
0x000000001dfcef00:   0000000016bfb8e0 000000001bcb8000
0x000000001dfcef10:   0000000002962f40 000000001bcb8000
0x000000001dfcef20:   0000000016bfb8e0 000000001bcb8000
0x000000001dfcef30:   0000000016bfb8e0 000000001bcb8000
0x000000001dfcef40:   0000000000000001 0000000016bfb8e0
0x000000001dfcef50:   000000001bcb8000 000000001b3b6ba0
0x000000001dfcef60:   000000001bcb8000 00000000692f1e0d
0x000000001dfcef70:   000000001dfcf278 00000001000069a0
0x000000001dfcef80:   0000000100567668 0000000000000478 

Instructions: (pc=0x0000000069443b57)
0x0000000069443b37:   48 89 6c 24 30 33 ed 66 90 e8 2b 3b 08 00 ff c3
0x0000000069443b47:   48 63 c8 48 8b c6 48 0f af cf 48 ff c7 48 2b c1
0x0000000069443b57:   89 28 48 63 c3 48 3b 05 75 1b 59 00 7e db 48 8b
0x0000000069443b67:   6c 24 30 48 8b 5c 24 38 48 8b 74 24 40 48 83 c4 


Register to memory mapping:

RAX=0x000000001dfc8e90 is pointing into the stack for thread: 0x000000001bcb8000
RBX=0x0000000000000007 is an unknown value
RCX=0x0000000000006000 is an unknown value
RDX=0x0000000000000006 is an unknown value
RSP=0x000000001dfcee90 is pointing into the stack for thread: 0x000000001bcb8000
RBP=0x0000000000000000 is an unknown value
RSI=0x000000001dfcee90 is pointing into the stack for thread: 0x000000001bcb8000
RDI=0x0000000000000007 is an unknown value
R8 =0x0000000000000006 is an unknown value
R9 =0x000000001bbde900 is an unknown value
R10={method} {0x0000000016bfb8e8} 'run' '()V' in 'java/lang/Thread'
R11=0x000000001deda148 is pointing into the stack for thread: 0x000000001bcb8000
R12=0x000000001bbde900 is an unknown value
R13=0x000000001bcb8000 is a thread
R14=0x000000001dfcef58 is pointing into the stack for thread: 0x000000001bcb8000
R15={method} {0x0000000016bfb8e8} 'run' '()V' in 'java/lang/Thread'


Stack: [0x000000001ded0000,0x000000001dfd0000],  sp=0x000000001dfcee90,  free space=1019k
Native frames: (J=compiled Java code, j=interpreted, Vv=VM code, C=native code)


---------------  P R O C E S S  ---------------

Java Threads: ( => current thread )
  0x000000001bcbe800 JavaThread "http-nio-8888-AsyncTimeout" daemon [_thread_blocked, id=6964, stack(0x000000001e5d0000,0x000000001e6d0000)]
  0x000000001bcbb000 JavaThread "http-nio-8888-Acceptor-0" daemon [_thread_blocked, id=27828, stack(0x000000001e4d0000,0x000000001e5d0000)]
  0x000000001bcbe000 JavaThread "http-nio-8888-ClientPoller-1" daemon [_thread_in_native, id=33600, stack(0x000000001e3d0000,0x000000001e4d0000)]
  0x000000001bcbb800 JavaThread "http-nio-8888-ClientPoller-0" daemon [_thread_in_native, id=32468, stack(0x000000001e2d0000,0x000000001e3d0000)]
  0x000000001bcbc800 JavaThread "http-nio-8888-exec-10" daemon [_thread_blocked, id=22132, stack(0x000000001e1d0000,0x000000001e2d0000)]
  0x000000001bcba000 JavaThread "http-nio-8888-exec-9" daemon [_thread_blocked, id=4336, stack(0x000000001e0d0000,0x000000001e1d0000)]
  0x000000001bcbd000 JavaThread "http-nio-8888-exec-8" daemon [_thread_blocked, id=26924, stack(0x000000001dfd0000,0x000000001e0d0000)]
=>0x000000001bcb8000 JavaThread "http-nio-8888-exec-7" daemon [_thread_in_vm, id=33672, stack(0x000000001ded0000,0x000000001dfd0000)]
  0x000000001bcb7000 JavaThread "http-nio-8888-exec-6" daemon [_thread_blocked, id=32316, stack(0x000000001ddd0000,0x000000001ded0000)]
  0x000000001b58c800 JavaThread "http-nio-8888-exec-5" daemon [_thread_blocked, id=6300, stack(0x000000001dcd0000,0x000000001ddd0000)]
  0x000000001b58c000 JavaThread "http-nio-8888-exec-4" daemon [_thread_blocked, id=16556, stack(0x000000001dbd0000,0x000000001dcd0000)]
  0x000000001b58a800 JavaThread "http-nio-8888-exec-3" daemon [_thread_blocked, id=8368, stack(0x000000001dad0000,0x000000001dbd0000)]
  0x000000001b587800 JavaThread "http-nio-8888-exec-2" daemon [_thread_blocked, id=22548, stack(0x000000001d9d0000,0x000000001dad0000)]
  0x000000001b589800 JavaThread "http-nio-8888-exec-1" daemon [_thread_blocked, id=25148, stack(0x000000001d8d0000,0x000000001d9d0000)]
  0x000000001b586800 JavaThread "NioBlockingSelector.BlockPoller-1" daemon [_thread_in_native, id=33500, stack(0x000000001d7d0000,0x000000001d8d0000)]
  0x000000001b589000 JavaThread "spring.cloud.inetutils" daemon [_thread_blocked, id=18896, stack(0x000000001d6d0000,0x000000001d7d0000)]
  0x000000001b588000 JavaThread "container-0" [_thread_blocked, id=32256, stack(0x000000001d3d0000,0x000000001d4d0000)]
  0x000000001b58d800 JavaThread "ContainerBackgroundProcessor[StandardEngine[Tomcat]]" daemon [_thread_blocked, id=30456, stack(0x000000001d2d0000,0x000000001d3d0000)]
  0x000000001b58b000 JavaThread "SimplePauseDetectorThread_0" daemon [_thread_blocked, id=21836, stack(0x000000001cdd0000,0x000000001ced0000)]
  0x000000001b215800 JavaThread "Thread-5" daemon [_thread_blocked, id=8064, stack(0x000000001ccd0000,0x000000001cdd0000)]
  0x000000001b98c800 JavaThread "localhost-startStop-1" daemon [_thread_blocked, id=13544, stack(0x000000001c9d0000,0x000000001cad0000)]
  0x000000001b97a000 JavaThread "Tomcat-startStop-1" daemon [_thread_blocked, id=7960, stack(0x000000001c8d0000,0x000000001c9d0000)]
  0x00000000195d8000 JavaThread "JMX server connection timeout 17" daemon [_thread_blocked, id=19668, stack(0x000000001a3c0000,0x000000001a4c0000)]
  0x00000000195d3000 JavaThread "RMI TCP Connection(2)-127.0.0.1" daemon [_thread_in_native, id=26048, stack(0x000000001a2c0000,0x000000001a3c0000)]
  0x00000000195d0800 JavaThread "RMI Scheduler(0)" daemon [_thread_blocked, id=29624, stack(0x000000001a1c0000,0x000000001a2c0000)]
  0x0000000019574800 JavaThread "RMI TCP Connection(1)-127.0.0.1" daemon [_thread_in_native, id=31316, stack(0x000000001a0c0000,0x000000001a1c0000)]
  0x0000000019544800 JavaThread "RMI TCP Accept-0" daemon [_thread_in_native, id=5884, stack(0x0000000019dc0000,0x0000000019ec0000)]
  0x0000000019540800 JavaThread "RMI TCP Accept-56839" daemon [_thread_in_native, id=30436, stack(0x0000000019cc0000,0x0000000019dc0000)]
  0x000000001952a800 JavaThread "RMI TCP Accept-0" daemon [_thread_in_native, id=10272, stack(0x0000000019bc0000,0x0000000019cc0000)]
  0x00000000175ce000 JavaThread "Service Thread" daemon [_thread_blocked, id=25228, stack(0x00000000192c0000,0x00000000193c0000)]
  0x000000001757b800 JavaThread "C1 CompilerThread2" daemon [_thread_blocked, id=13904, stack(0x0000000018dc0000,0x0000000018ec0000)]
  0x0000000017577800 JavaThread "C2 CompilerThread1" daemon [_thread_blocked, id=15532, stack(0x0000000018cc0000,0x0000000018dc0000)]
  0x0000000017572000 JavaThread "C2 CompilerThread0" daemon [_thread_blocked, id=30476, stack(0x0000000018bc0000,0x0000000018cc0000)]
  0x0000000017570800 JavaThread "Attach Listener" daemon [_thread_blocked, id=19548, stack(0x0000000018ac0000,0x0000000018bc0000)]
  0x000000001756f800 JavaThread "Signal Dispatcher" daemon [_thread_blocked, id=32044, stack(0x00000000189c0000,0x0000000018ac0000)]
  0x000000000294d800 JavaThread "Finalizer" daemon [_thread_blocked, id=28216, stack(0x00000000187d0000,0x00000000188d0000)]
  0x0000000017539000 JavaThread "Reference Handler" daemon [_thread_blocked, id=32444, stack(0x00000000186d0000,0x00000000187d0000)]
  0x0000000002854800 JavaThread "main" [_thread_blocked, id=32464, stack(0x0000000002750000,0x0000000002850000)]

Other Threads:
  0x0000000017537800 VMThread [stack: 0x00000000185d0000,0x00000000186d0000] [id=4480]
  0x0000000019546800 WatcherThread [stack: 0x0000000019ec0000,0x0000000019fc0000] [id=31368]

VM state:synchronizing (normal execution)

VM Mutex/Monitor currently owned by a thread:  ([mutex/lock_event])
[0x0000000002851550] Threads_lock - owner thread: 0x0000000017537800

Heap:
 PSYoungGen      total 204288K, used 182202K [0x00000000d5580000, 0x00000000e3100000, 0x0000000100000000)
  eden space 188416K, 96% used [0x00000000d5580000,0x00000000e076ea40,0x00000000e0d80000)
  from space 15872K, 0% used [0x00000000e1e80000,0x00000000e1e80000,0x00000000e2e00000)
  to   space 17408K, 0% used [0x00000000e0d80000,0x00000000e0d80000,0x00000000e1e80000)
 ParOldGen       total 88576K, used 23627K [0x0000000080000000, 0x0000000085680000, 0x00000000d5580000)
  object space 88576K, 26% used [0x0000000080000000,0x0000000081712c98,0x0000000085680000)
 Metaspace       used 37099K, capacity 39180K, committed 39424K, reserved 1083392K
  class space    used 5198K, capacity 5584K, committed 5632K, reserved 1048576K

Card table byte_map: [0x0000000011d10000,0x0000000012120000] byte_map_base: 0x0000000011910000

Marking Bits: (ParMarkBitMap*) 0x0000000069a4b6d0
 Begin Bits: [0x00000000127d0000, 0x00000000147d0000)
 End Bits:   [0x00000000147d0000, 0x00000000167d0000)

Polling page: 0x0000000000690000

CodeCache: size=245760Kb used=9202Kb max_used=9202Kb free=236557Kb
 bounds [0x0000000002950000, 0x0000000003250000, 0x0000000011950000]
 total_blobs=4943 nmethods=4496 adapters=360
 compilation: enabled

Compilation events (10 events):
Event: 8.864 Thread 0x000000001757b800 4534       1       java.io.FilePermission::init (228 bytes)
Event: 8.865 Thread 0x000000001757b800 nmethod 4534 0x0000000003249e10 code [0x000000000324a040, 0x000000000324a7d8]
Event: 8.865 Thread 0x000000001757b800 4535       1       java.io.FilePermission$1::<init> (10 bytes)
Event: 8.865 Thread 0x000000001757b800 nmethod 4535 0x000000000324ad90 code [0x000000000324aee0, 0x000000000324b010]
Event: 8.865 Thread 0x000000001757b800 4536       1       java.io.FilePermission$1::run (5 bytes)
Event: 8.865 Thread 0x000000001757b800 nmethod 4536 0x000000000324b090 code [0x000000000324b1e0, 0x000000000324b308]
Event: 8.865 Thread 0x000000001757b800 4537   !   1       java.io.FilePermission$1::run (116 bytes)
Event: 8.866 Thread 0x000000001757b800 nmethod 4537 0x000000000324b390 code [0x000000000324b640, 0x000000000324c148]
Event: 8.867 Thread 0x000000001757b800 4538       1       java.util.concurrent.atomic.AtomicInteger::get (5 bytes)
Event: 8.867 Thread 0x000000001757b800 nmethod 4538 0x000000000324cd10 code [0x000000000324ce60, 0x000000000324cf70]

GC Heap History (10 events):
Event: 3.696 GC heap before
{Heap before GC invocations=6 (full 1):
 PSYoungGen      total 71680K, used 66560K [0x00000000d5580000, 0x00000000da080000, 0x0000000100000000)
  eden space 66560K, 100% used [0x00000000d5580000,0x00000000d9680000,0x00000000d9680000)
  from space 5120K, 0% used [0x00000000d9b80000,0x00000000d9b80000,0x00000000da080000)
  to   space 5120K, 0% used [0x00000000d9680000,0x00000000d9680000,0x00000000d9b80000)
 ParOldGen       total 51712K, used 5709K [0x0000000080000000, 0x0000000083280000, 0x00000000d5580000)
  object space 51712K, 11% used [0x0000000080000000,0x0000000080593418,0x0000000083280000)
 Metaspace       used 23067K, capacity 24066K, committed 24192K, reserved 1071104K
  class space    used 3183K, capacity 3418K, committed 3456K, reserved 1048576K
Event: 3.707 GC heap after
Heap after GC invocations=6 (full 1):
 PSYoungGen      total 71680K, used 5107K [0x00000000d5580000, 0x00000000dd800000, 0x0000000100000000)
  eden space 66560K, 0% used [0x00000000d5580000,0x00000000d5580000,0x00000000d9680000)
  from space 5120K, 99% used [0x00000000d9680000,0x00000000d9b7cf60,0x00000000d9b80000)
  to   space 9216K, 0% used [0x00000000dcf00000,0x00000000dcf00000,0x00000000dd800000)
 ParOldGen       total 51712K, used 6546K [0x0000000080000000, 0x0000000083280000, 0x00000000d5580000)
  object space 51712K, 12% used [0x0000000080000000,0x0000000080664b50,0x0000000083280000)
 Metaspace       used 23067K, capacity 24066K, committed 24192K, reserved 1071104K
  class space    used 3183K, capacity 3418K, committed 3456K, reserved 1048576K
}
Event: 4.654 GC heap before
{Heap before GC invocations=7 (full 1):
 PSYoungGen      total 71680K, used 71667K [0x00000000d5580000, 0x00000000dd800000, 0x0000000100000000)
  eden space 66560K, 100% used [0x00000000d5580000,0x00000000d9680000,0x00000000d9680000)
  from space 5120K, 99% used [0x00000000d9680000,0x00000000d9b7cf60,0x00000000d9b80000)
  to   space 9216K, 0% used [0x00000000dcf00000,0x00000000dcf00000,0x00000000dd800000)
 ParOldGen       total 51712K, used 6546K [0x0000000080000000, 0x0000000083280000, 0x00000000d5580000)
  object space 51712K, 12% used [0x0000000080000000,0x0000000080664b50,0x0000000083280000)
 Metaspace       used 26338K, capacity 27328K, committed 27520K, reserved 1073152K
  class space    used 3640K, capacity 3887K, committed 3968K, reserved 1048576K
Event: 4.670 GC heap after
Heap after GC invocations=7 (full 1):
 PSYoungGen      total 122368K, used 9184K [0x00000000d5580000, 0x00000000dd900000, 0x0000000100000000)
  eden space 113152K, 0% used [0x00000000d5580000,0x00000000d5580000,0x00000000dc400000)
  from space 9216K, 99% used [0x00000000dcf00000,0x00000000dd7f8028,0x00000000dd800000)
  to   space 10752K, 0% used [0x00000000dc400000,0x00000000dc400000,0x00000000dce80000)
 ParOldGen       total 51712K, used 7140K [0x0000000080000000, 0x0000000083280000, 0x00000000d5580000)
  object space 51712K, 13% used [0x0000000080000000,0x00000000806f90e0,0x0000000083280000)
 Metaspace       used 26338K, capacity 27328K, committed 27520K, reserved 1073152K
  class space    used 3640K, capacity 3887K, committed 3968K, reserved 1048576K
}
Event: 6.226 GC heap before
{Heap before GC invocations=8 (full 1):
 PSYoungGen      total 122368K, used 122336K [0x00000000d5580000, 0x00000000dd900000, 0x0000000100000000)
  eden space 113152K, 100% used [0x00000000d5580000,0x00000000dc400000,0x00000000dc400000)
  from space 9216K, 99% used [0x00000000dcf00000,0x00000000dd7f8028,0x00000000dd800000)
  to   space 10752K, 0% used [0x00000000dc400000,0x00000000dc400000,0x00000000dce80000)
 ParOldGen       total 51712K, used 7140K [0x0000000080000000, 0x0000000083280000, 0x00000000d5580000)
  object space 51712K, 13% used [0x0000000080000000,0x00000000806f90e0,0x0000000083280000)
 Metaspace       used 31204K, capacity 32784K, committed 32896K, reserved 1077248K
  class space    used 4324K, capacity 4629K, committed 4736K, reserved 1048576K
Event: 6.259 GC heap after
Heap after GC invocations=8 (full 1):
 PSYoungGen      total 123904K, used 10741K [0x00000000d5580000, 0x00000000e2e00000, 0x0000000100000000)
  eden space 113152K, 0% used [0x00000000d5580000,0x00000000d5580000,0x00000000dc400000)
  from space 10752K, 99% used [0x00000000dc400000,0x00000000dce7d710,0x00000000dce80000)
  to   space 15872K, 0% used [0x00000000e1e80000,0x00000000e1e80000,0x00000000e2e00000)
 ParOldGen       total 51712K, used 14924K [0x0000000080000000, 0x0000000083280000, 0x00000000d5580000)
  object space 51712K, 28% used [0x0000000080000000,0x0000000080e93240,0x0000000083280000)
 Metaspace       used 31204K, capacity 32784K, committed 32896K, reserved 1077248K
  class space    used 4324K, capacity 4629K, committed 4736K, reserved 1048576K
}
Event: 6.941 GC heap before
{Heap before GC invocations=9 (full 1):
 PSYoungGen      total 123904K, used 53256K [0x00000000d5580000, 0x00000000e2e00000, 0x0000000100000000)
  eden space 113152K, 37% used [0x00000000d5580000,0x00000000d7f04a40,0x00000000dc400000)
  from space 10752K, 99% used [0x00000000dc400000,0x00000000dce7d710,0x00000000dce80000)
  to   space 15872K, 0% used [0x00000000e1e80000,0x00000000e1e80000,0x00000000e2e00000)
 ParOldGen       total 51712K, used 14924K [0x0000000080000000, 0x0000000083280000, 0x00000000d5580000)
  object space 51712K, 28% used [0x0000000080000000,0x0000000080e93240,0x0000000083280000)
 Metaspace       used 33510K, capacity 35306K, committed 35416K, reserved 1079296K
  class space    used 4656K, capacity 5010K, committed 5120K, reserved 1048576K
Event: 6.962 GC heap after
Heap after GC invocations=9 (full 1):
 PSYoungGen      total 204288K, used 14232K [0x00000000d5580000, 0x00000000e3100000, 0x0000000100000000)
  eden space 188416K, 0% used [0x00000000d5580000,0x00000000d5580000,0x00000000e0d80000)
  from space 15872K, 89% used [0x00000000e1e80000,0x00000000e2c66210,0x00000000e2e00000)
  to   space 17408K, 0% used [0x00000000e0d80000,0x00000000e0d80000,0x00000000e1e80000)
 ParOldGen       total 51712K, used 14932K [0x0000000080000000, 0x0000000083280000, 0x00000000d5580000)
  object space 51712K, 28% used [0x0000000080000000,0x0000000080e95240,0x0000000083280000)
 Metaspace       used 33510K, capacity 35306K, committed 35416K, reserved 1079296K
  class space    used 4656K, capacity 5010K, committed 5120K, reserved 1048576K
}
Event: 6.962 GC heap before
{Heap before GC invocations=10 (full 2):
 PSYoungGen      total 204288K, used 14232K [0x00000000d5580000, 0x00000000e3100000, 0x0000000100000000)
  eden space 188416K, 0% used [0x00000000d5580000,0x00000000d5580000,0x00000000e0d80000)
  from space 15872K, 89% used [0x00000000e1e80000,0x00000000e2c66210,0x00000000e2e00000)
  to   space 17408K, 0% used [0x00000000e0d80000,0x00000000e0d80000,0x00000000e1e80000)
 ParOldGen       total 51712K, used 14932K [0x0000000080000000, 0x0000000083280000, 0x00000000d5580000)
  object space 51712K, 28% used [0x0000000080000000,0x0000000080e95240,0x0000000083280000)
 Metaspace       used 33510K, capacity 35306K, committed 35416K, reserved 1079296K
  class space    used 4656K, capacity 5010K, committed 5120K, reserved 1048576K
Event: 7.065 GC heap after
Heap after GC invocations=10 (full 2):
 PSYoungGen      total 204288K, used 0K [0x00000000d5580000, 0x00000000e3100000, 0x0000000100000000)
  eden space 188416K, 0% used [0x00000000d5580000,0x00000000d5580000,0x00000000e0d80000)
  from space 15872K, 0% used [0x00000000e1e80000,0x00000000e1e80000,0x00000000e2e00000)
  to   space 17408K, 0% used [0x00000000e0d80000,0x00000000e0d80000,0x00000000e1e80000)
 ParOldGen       total 88576K, used 23627K [0x0000000080000000, 0x0000000085680000, 0x00000000d5580000)
  object space 88576K, 26% used [0x0000000080000000,0x0000000081712c98,0x0000000085680000)
 Metaspace       used 33510K, capacity 35306K, committed 35416K, reserved 1079296K
  class space    used 4656K, capacity 5010K, committed 5120K, reserved 1048576K
}

Deoptimization events (0 events):
No events

Internal exceptions (10 events):
Event: 8.817 Thread 0x0000000002854800 Exception <a 'java/lang/ClassNotFoundException': org/springframework/cloud/context/scope/GenericScopeCustomizer> (0x00000000e0357760) thrown at [C:\re\workspace\8-2-build-windows-amd64-cygwin\jdk8u121\8372\hotspot\src\share\vm\classfile\systemDictionary.c
Event: 8.817 Thread 0x0000000002854800 Exception <a 'java/lang/ClassNotFoundException': org/springframework/beans/factory/config/ScopeCustomizer> (0x00000000e0375058) thrown at [C:\re\workspace\8-2-build-windows-amd64-cygwin\jdk8u121\8372\hotspot\src\share\vm\classfile\systemDictionary.cpp, li
Event: 8.818 Thread 0x0000000002854800 Exception <a 'java/lang/ClassNotFoundException': org/springframework/beans/factory/config/BeanFactoryPostProcessorCustomizer> (0x00000000e038c218) thrown at [C:\re\workspace\8-2-build-windows-amd64-cygwin\jdk8u121\8372\hotspot\src\share\vm\classfile\syste
Event: 8.818 Thread 0x0000000002854800 Exception <a 'java/lang/ClassNotFoundException': org/springframework/beans/factory/support/BeanDefinitionRegistryPostProcessorCustomizer> (0x00000000e03a33d8) thrown at [C:\re\workspace\8-2-build-windows-amd64-cygwin\jdk8u121\8372\hotspot\src\share\vm\cla
Event: 8.818 Thread 0x0000000002854800 Exception <a 'java/lang/ClassNotFoundException': org/springframework/beans/factory/DisposableBeanCustomizer> (0x00000000e03b4a38) thrown at [C:\re\workspace\8-2-build-windows-amd64-cygwin\jdk8u121\8372\hotspot\src\share\vm\classfile\systemDictionary.cpp, 
Event: 8.822 Thread 0x0000000002854800 Exception <a 'java/lang/ClassNotFoundException': java/lang/ObjectCustomizer> (0x00000000e03da3a0) thrown at [C:\re\workspace\8-2-build-windows-amd64-cygwin\jdk8u121\8372\hotspot\src\share\vm\classfile\systemDictionary.cpp, line 210]
Event: 8.822 Thread 0x0000000002854800 Exception <a 'java/lang/ClassNotFoundException': org/springframework/jmx/export/metadata/AbstractJmxAttributeCustomizer> (0x00000000e03f0ba0) thrown at [C:\re\workspace\8-2-build-windows-amd64-cygwin\jdk8u121\8372\hotspot\src\share\vm\classfile\systemDict
Event: 8.823 Thread 0x0000000002854800 Exception <a 'java/lang/ClassNotFoundException': org/springframework/jmx/export/metadata/ManagedAttributeCustomizer> (0x00000000e0408560) thrown at [C:\re\workspace\8-2-build-windows-amd64-cygwin\jdk8u121\8372\hotspot\src\share\vm\classfile\systemDictiona
Event: 8.832 Thread 0x0000000002854800 Exception <a 'java/lang/ArrayIndexOutOfBoundsException'> (0x00000000e0486268) thrown at [C:\re\workspace\8-2-build-windows-amd64-cygwin\jdk8u121\8372\hotspot\src\share\vm\runtime\sharedRuntime.cpp, line 605]
Event: 8.834 Thread 0x0000000002854800 Exception <a 'java/lang/ArrayIndexOutOfBoundsException'> (0x00000000e04a9ea0) thrown at [C:\re\workspace\8-2-build-windows-amd64-cygwin\jdk8u121\8372\hotspot\src\share\vm\runtime\sharedRuntime.cpp, line 605]

Events (10 events):
Event: 8.866 loading class org/apache/tomcat/util/threads/Constants done
Event: 8.866 Thread 0x000000001b589800 Thread added: 0x000000001b589800
Event: 8.867 Thread 0x000000001b587800 Thread added: 0x000000001b587800
Event: 8.867 Thread 0x000000001b58a800 Thread added: 0x000000001b58a800
Event: 8.867 Thread 0x000000001b58c000 Thread added: 0x000000001b58c000
Event: 8.867 Thread 0x000000001b58c800 Thread added: 0x000000001b58c800
Event: 8.867 Thread 0x000000001bcb7000 Thread added: 0x000000001bcb7000
Event: 8.867 Thread 0x000000001bcb8000 Thread added: 0x000000001bcb8000
Event: 8.867 Thread 0x000000001bcbd000 Thread added: 0x000000001bcbd000
Event: 8.867 Thread 0x000000001bcba000 Thread added: 0x000000001bcba000


Dynamic libraries:
0x00007ff7406f0000 - 0x00007ff740727000 	C:\Program Files\Java\jre1.8.0_121\bin\javaw.exe
0x00007ffdf33c0000 - 0x00007ffdf35a1000 	C:\WINDOWS\SYSTEM32\ntdll.dll
0x00007ffdf28a0000 - 0x00007ffdf2952000 	C:\WINDOWS\System32\KERNEL32.DLL
0x00007ffdf04f0000 - 0x00007ffdf0763000 	C:\WINDOWS\System32\KERNELBASE.dll
0x00007ffdf32e0000 - 0x00007ffdf3381000 	C:\WINDOWS\System32\ADVAPI32.dll
0x00007ffdf2960000 - 0x00007ffdf29fe000 	C:\WINDOWS\System32\msvcrt.dll
0x00007ffdf1ee0000 - 0x00007ffdf1f3b000 	C:\WINDOWS\System32\sechost.dll
0x00007ffdf1fe0000 - 0x00007ffdf2104000 	C:\WINDOWS\System32\RPCRT4.dll
0x00007ffdf26a0000 - 0x00007ffdf2830000 	C:\WINDOWS\System32\USER32.dll
0x00007ffdf0240000 - 0x00007ffdf0260000 	C:\WINDOWS\System32\win32u.dll
0x00007ffdf09f0000 - 0x00007ffdf0a18000 	C:\WINDOWS\System32\GDI32.dll
0x00007ffdf0300000 - 0x00007ffdf0492000 	C:\WINDOWS\System32\gdi32full.dll
0x00007ffdf0260000 - 0x00007ffdf02ff000 	C:\WINDOWS\System32\msvcp_win.dll
0x00007ffdf0140000 - 0x00007ffdf023a000 	C:\WINDOWS\System32\ucrtbase.dll
0x00007ffded910000 - 0x00007ffdedb79000 	C:\WINDOWS\WinSxS\amd64_microsoft.windows.common-controls_6595b64144ccf1df_6.0.17134.228_none_fb4599993062b194\COMCTL32.dll
0x00007ffdf2f50000 - 0x00007ffdf3273000 	C:\WINDOWS\System32\combase.dll
0x00007ffdf07d0000 - 0x00007ffdf084a000 	C:\WINDOWS\System32\bcryptPrimitives.dll
0x00007ffdf22e0000 - 0x00007ffdf230d000 	C:\WINDOWS\System32\IMM32.DLL
0x00007ffdef570000 - 0x00007ffdef5cd000 	C:\Program Files\Citrix\System32\MfApHook64.dll
0x00007ffdeec60000 - 0x00007ffdeec8b000 	C:\Program Files\Citrix\ICAService\CtxDodHook64.dll
0x00007ffdef490000 - 0x00007ffdef4c2000 	C:\Program Files\Citrix\ICAService\picaFullScreenHookX64.dll
0x00007ffdeee80000 - 0x00007ffdeeece000 	C:\Program Files\Citrix\ICAService\ShellHook64.dll
0x00007ffdf0a20000 - 0x00007ffdf1e60000 	C:\WINDOWS\System32\SHELL32.dll
0x00007ffdf04a0000 - 0x00007ffdf04e9000 	C:\WINDOWS\System32\cfgmgr32.dll
0x00007ffdf25f0000 - 0x00007ffdf2699000 	C:\WINDOWS\System32\shcore.dll
0x00007ffdef790000 - 0x00007ffdefe9d000 	C:\WINDOWS\System32\windows.storage.dll
0x00007ffdf3280000 - 0x00007ffdf32d1000 	C:\WINDOWS\System32\shlwapi.dll
0x00007ffdef720000 - 0x00007ffdef731000 	C:\WINDOWS\System32\kernel.appcore.dll
0x00007ffdef750000 - 0x00007ffdef76f000 	C:\WINDOWS\System32\profapi.dll
0x00007ffdef6d0000 - 0x00007ffdef71c000 	C:\WINDOWS\System32\powrprof.dll
0x00007ffdef740000 - 0x00007ffdef74a000 	C:\WINDOWS\System32\FLTLIB.DLL
0x00007ffdeed00000 - 0x00007ffdeee7c000 	C:\Program Files\Citrix\ICAService\SCardHook64.dll
0x00007ffdee9d0000 - 0x00007ffdee9fa000 	C:\Program Files\Citrix\ICAService\cxinjime64.dll
0x00007ffdee980000 - 0x00007ffdee9c8000 	C:\Program Files\Citrix\ICAService\PicaWtsHook64.dll
0x0000000069150000 - 0x0000000069222000 	C:\Program Files\Java\jre1.8.0_121\bin\msvcr100.dll
0x0000000069230000 - 0x0000000069acb000 	C:\Program Files\Java\jre1.8.0_121\bin\server\jvm.dll
0x00007ffdf2a00000 - 0x00007ffdf2a08000 	C:\WINDOWS\System32\PSAPI.DLL
0x00007ffde9a90000 - 0x00007ffde9ab3000 	C:\WINDOWS\SYSTEM32\WINMM.dll
0x00007ffddf6d0000 - 0x00007ffddf6d9000 	C:\WINDOWS\SYSTEM32\WSOCK32.dll
0x00007ffde9a60000 - 0x00007ffde9a8a000 	C:\WINDOWS\SYSTEM32\WINMMBASE.dll
0x00007ffdeef90000 - 0x00007ffdeef9a000 	C:\WINDOWS\SYSTEM32\VERSION.dll
0x0000000002620000 - 0x000000000268c000 	C:\WINDOWS\System32\ws2_32.DLL
0x000000006a510000 - 0x000000006a51f000 	C:\Program Files\Java\jre1.8.0_121\bin\verify.dll
0x000000006a010000 - 0x000000006a039000 	C:\Program Files\Java\jre1.8.0_121\bin\java.dll
0x000000006a4f0000 - 0x000000006a506000 	C:\Program Files\Java\jre1.8.0_121\bin\zip.dll
0x0000000069f80000 - 0x0000000069f8d000 	C:\Program Files\Java\jre1.8.0_121\bin\management.dll
0x0000000069ff0000 - 0x000000006a00a000 	C:\Program Files\Java\jre1.8.0_121\bin\net.dll
0x00007ffdee3b0000 - 0x00007ffdee416000 	C:\WINDOWS\system32\mswsock.dll
0x0000000069fd0000 - 0x0000000069fe1000 	C:\Program Files\Java\jre1.8.0_121\bin\nio.dll
0x00007ffde3320000 - 0x00007ffde3336000 	C:\WINDOWS\system32\napinsp.dll
0x00007ffde3340000 - 0x00007ffde335a000 	C:\WINDOWS\system32\pnrpnsp.dll
0x00007ffdeb080000 - 0x00007ffdeb099000 	C:\WINDOWS\system32\NLAapi.dll
0x00007ffdee180000 - 0x00007ffdee23e000 	C:\WINDOWS\SYSTEM32\DNSAPI.dll
0x00007ffdf1fd0000 - 0x00007ffdf1fd8000 	C:\WINDOWS\System32\NSI.dll
0x00007ffdee140000 - 0x00007ffdee178000 	C:\WINDOWS\SYSTEM32\IPHLPAPI.DLL
0x00007ffde3360000 - 0x00007ffde336e000 	C:\WINDOWS\System32\winrnr.dll
0x00007ffde8250000 - 0x00007ffde825a000 	C:\Windows\System32\rasadhlp.dll
0x00007ffde8b60000 - 0x00007ffde8bd2000 	C:\WINDOWS\System32\fwpuclnt.dll
0x00007ffdeef40000 - 0x00007ffdeef65000 	C:\WINDOWS\SYSTEM32\bcrypt.dll
0x00007ffdee560000 - 0x00007ffdee577000 	C:\WINDOWS\SYSTEM32\CRYPTSP.dll
0x00007ffdedfa0000 - 0x00007ffdedfd3000 	C:\WINDOWS\system32\rsaenh.dll
0x00007ffdef5d0000 - 0x00007ffdef5f8000 	C:\WINDOWS\SYSTEM32\USERENV.dll
0x00007ffdee580000 - 0x00007ffdee58b000 	C:\WINDOWS\SYSTEM32\CRYPTBASE.dll
0x00007ffde8580000 - 0x00007ffde8596000 	C:\WINDOWS\SYSTEM32\dhcpcsvc6.DLL
0x00007ffde8560000 - 0x00007ffde857a000 	C:\WINDOWS\SYSTEM32\dhcpcsvc.DLL
0x0000000069fa0000 - 0x0000000069fc4000 	C:\Program Files\Java\jre1.8.0_121\bin\sunec.dll
0x00007ffde0cd0000 - 0x00007ffde0e99000 	C:\WINDOWS\SYSTEM32\dbghelp.dll

VM Arguments:
jvm_args: -Dcom.sun.management.jmxremote -Dcom.sun.management.jmxremote.port=56839 -Dcom.sun.management.jmxremote.authenticate=false -Dcom.sun.management.jmxremote.ssl=false -Djava.rmi.server.hostname=localhost -Dspring.liveBeansView.mbeanDomain -Dspring.application.admin.enabled=true -Xverify:none -XX:TieredStopAtLevel=1 -Dfile.encoding=UTF-8 
java_command: com.mm.eureka.configservice.ConfigServiceApplication --spring.output.ansi.enabled=always
java_class_path (initial): C:\Shubham\spring-boot-centralized-configuration\config-service\target\classes;C:\Users\shuraut\.m2\repository\org\springframework\cloud\spring-cloud-config-server\2.0.2.RELEASE\spring-cloud-config-server-2.0.2.RELEASE.jar;C:\Users\shuraut\.m2\repository\org\springframework\cloud\spring-cloud-config-client\2.0.2.RELEASE\spring-cloud-config-client-2.0.2.RELEASE.jar;C:\Users\shuraut\.m2\repository\org\springframework\boot\spring-boot-autoconfigure\2.0.5.RELEASE\spring-boot-autoconfigure-2.0.5.RELEASE.jar;C:\Users\shuraut\.m2\repository\org\springframework\cloud\spring-cloud-commons\2.0.2.RELEASE\spring-cloud-commons-2.0.2.RELEASE.jar;C:\Users\shuraut\.m2\repository\org\springframework\cloud\spring-cloud-context\2.0.2.RELEASE\spring-cloud-context-2.0.2.RELEASE.jar;C:\Users\shuraut\.m2\repository\org\springframework\spring-web\5.0.9.RELEASE\spring-web-5.0.9.RELEASE.jar;C:\Users\shuraut\.m2\repository\org\springframework\spring-beans\5.0.9.RELEASE\spring-beans-5.0.9.RELEASE.jar;C:\Users\shuraut\.m2\repository\com\fasterxml\jackson\core\jackson-annotations\2.9.0\jackson-annotations-2.9.0.jar;C:\Users\shuraut\.m2\repository\com\fasterxml\jackson\core\jackson-databind\2.9.6\jackson-databind-2.9.6.jar;C:\Users\shuraut\.m2\repository\com\fasterxml\jackson\core\jackson-core\2.9.6\jackson-core-2.9.6.jar;C:\Users\shuraut\.m2\repository\org\springframework\boot\spring-boot-starter-actuator\2.0.5.RELEASE\spring-boot-starter-actuator-2.0.5.RELEASE.jar;C:\Users\shuraut\.m2\repository\org\springframework\boot\spring-boot-actuator-autoconfigure\2.0.5.RELEASE\spring-boot-actuator-autoconfigure-2.0.5.RELEASE.jar;C:\Users\shuraut\.m2\repository\org\springframework\boot\spring-boot-actuator\2.0.5.RELEASE\spring-boot-actuator-2.0.5.RELEASE.jar;C:\Users\shuraut\.m2\repository\org\springframework\spring-context\5.0.9.RELEASE\spring-context-5.0.9.RELEASE.jar;C:\Users\shuraut\.m2\repository\com\fasterxml\jackson\datatype\jackson-datatype-jsr310\2.9.6\jackson-dataty
Launcher Type: SUN_STANDARD

Environment Variables:
PATH=C:/Program Files/Java/jre1.8.0_121/bin/server;C:/Program Files/Java/jre1.8.0_121/bin;C:/Program Files/Java/jre1.8.0_121/lib/amd64;C:\Python34\;C:\Python34\Scripts;C:\oraclexe\app\oracle\product\11.2.0\server\bin;C:\ProgramData\Oracle\Java\javapath;C:\WINDOWS\system32;C:\WINDOWS;C:\WINDOWS\System32\Wbem;C:\WINDOWS\System32\WindowsPowerShell\v1.0\;C:\Program Files\TortoiseSVN\bin;C:\Program Files\nodejs\;C:\Program Files\Git\cmd;C:\Program Files (x86)\Microsoft SQL Server\110\Tools\Binn\ManagementStudio\;C:\Program Files (x86)\Microsoft SQL Server\110\Tools\Binn\;C:\Program Files (x86)\Microsoft SQL Server\110\DTS\Binn\;C:\Program Files\Citrix\System32\;C:\Program Files\Citrix\ICAService\;C:\WINDOWS\System32\OpenSSH\;C:\Users\shuraut\AppData\Local\Microsoft\WindowsApps;;C:\SOFTWARES\spring-tool-suite-3.9.7.RELEASE-e4.10.0-win32-x86_64\sts-bundle\sts-3.9.7.RELEASE;
USERNAME=shuraut
OS=Windows_NT
PROCESSOR_IDENTIFIER=Intel64 Family 15 Model 6 Stepping 1, GenuineIntel



---------------  S Y S T E M  ---------------

OS: Windows 10.0 , 64 bit Build 17134 (10.0.17134.1)

CPU:total 4 (2 cores per cpu, 1 threads per core) family 15 model 6 stepping 1, cmov, cx8, fxsr, mmx, sse, sse2, sse3, ssse3, sse4.1, sse4.2, popcnt, avx, avx2, aes, clmul, erms, rtm, 3dnowpref, lzcnt, tsc, bmi1, bmi2, adx

Memory: 4k page, physical 8388056k(548788k free), swap 18697820k(332k free)

vm_info: Java HotSpot(TM) 64-Bit Server VM (25.121-b13) for windows-amd64 JRE (1.8.0_121-b13), built on Dec 12 2016 18:21:36 by "java_re" with MS VC++ 10.0 (VS2010)

time: Wed Jan 23 11:55:17 2019
elapsed time: 8 seconds (0d 0h 0m 8s)

