2019-01-08-main--INFO -org.springframework.context.support.ClassPathXmlApplicationContext:Refreshing org.springframework.context.support.ClassPathXmlApplicationContext@2957fcb0: startup date [Tue Jan 08 13:12:11 IST 2019]; root of context hierarchy
2019-01-08-main--INFO -org.springframework.beans.factory.xml.XmlBeanDefinitionReader:Loading XML bean definitions from class path resource [context.xml]
2019-01-08-main--INFO -com.cg.app.aspect.ValidationAspect:Before - Logging the method
2019-01-08-main--INFO -org.springframework.context.support.ClassPathXmlApplicationContext:Refreshing org.springframework.context.support.ClassPathXmlApplicationContext@2957fcb0: startup date [Tue Jan 08 13:14:50 IST 2019]; root of context hierarchy
2019-01-08-main--INFO -org.springframework.beans.factory.xml.XmlBeanDefinitionReader:Loading XML bean definitions from class path resource [context.xml]
2019-01-08-main--INFO -com.cg.app.aspect.ValidationAspect:Before - Logging the method
2019-01-08-main--INFO -com.cg.app.aspect.ValidationAspect:After- Logging the method
2019-01-08-main--INFO -org.springframework.context.support.ClassPathXmlApplicationContext:Refreshing org.springframework.context.support.ClassPathXmlApplicationContext@2957fcb0: startup date [Tue Jan 08 13:20:04 IST 2019]; root of context hierarchy
2019-01-08-main--INFO -org.springframework.beans.factory.xml.XmlBeanDefinitionReader:Loading XML bean definitions from class path resource [context.xml]
2019-01-08-main--INFO -com.cg.app.aspect.ValidationAspect:Before- Logging the method
2019-01-08-main--INFO -com.cg.app.aspect.ValidationAspect:Before - Logging the method
2019-01-08-main--INFO -com.cg.app.aspect.ValidationAspect:After- Logging the method
2019-01-08-main--INFO -com.cg.app.aspect.ValidationAspect:After- Logging the method
2019-01-08-main--INFO -org.springframework.context.support.ClassPathXmlApplicationContext:Refreshing org.springframework.context.support.ClassPathXmlApplicationContext@2957fcb0: startup date [Tue Jan 08 13:22:51 IST 2019]; root of context hierarchy
2019-01-08-main--INFO -org.springframework.beans.factory.xml.XmlBeanDefinitionReader:Loading XML bean definitions from class path resource [context.xml]
2019-01-08-main--INFO -com.cg.app.aspect.ValidationAspect:@Around : Before- Logging the method
2019-01-08-main--INFO -com.cg.app.aspect.ValidationAspect:@Before : Before - Logging the method
2019-01-08-main--INFO -com.cg.app.aspect.ValidationAspect:@Around : After- Logging the method
2019-01-08-main--INFO -com.cg.app.aspect.ValidationAspect:@After : After- Logging the method
2019-01-08-main--INFO -org.springframework.context.support.ClassPathXmlApplicationContext:Refreshing org.springframework.context.support.ClassPathXmlApplicationContext@2957fcb0: startup date [Tue Jan 08 13:23:45 IST 2019]; root of context hierarchy
2019-01-08-main--INFO -org.springframework.beans.factory.xml.XmlBeanDefinitionReader:Loading XML bean definitions from class path resource [context.xml]
2019-01-08-main--INFO -com.cg.app.aspect.ValidationAspect:@Around : Before- Logging the method
2019-01-08-main--INFO -com.cg.app.aspect.ValidationAspect:@Before : Before - Logging the method
2019-01-08-main--INFO -com.cg.app.aspect.ValidationAspect:@Around : After- Logging the method
2019-01-08-main--INFO -com.cg.app.aspect.ValidationAspect:@After : After- Logging the method
2019-01-08-main--INFO -org.springframework.context.support.ClassPathXmlApplicationContext:Refreshing org.springframework.context.support.ClassPathXmlApplicationContext@2957fcb0: startup date [Tue Jan 08 13:24:19 IST 2019]; root of context hierarchy
2019-01-08-main--INFO -org.springframework.beans.factory.xml.XmlBeanDefinitionReader:Loading XML bean definitions from class path resource [context.xml]
2019-01-08-main--INFO -com.cg.app.aspect.ValidationAspect:@Around : Before- Logging the method
2019-01-08-main--INFO -com.cg.app.aspect.ValidationAspect:@Before : Before - Logging the method
2019-01-08-main--INFO -com.cg.app.aspect.ValidationAspect:@Around : After- Logging the method
2019-01-08-main--INFO -com.cg.app.aspect.ValidationAspect:@After : After- Logging the method
2019-01-08-main--INFO -org.springframework.context.support.ClassPathXmlApplicationContext:Refreshing org.springframework.context.support.ClassPathXmlApplicationContext@2957fcb0: startup date [Tue Jan 08 13:25:39 IST 2019]; root of context hierarchy
2019-01-08-main--INFO -org.springframework.beans.factory.xml.XmlBeanDefinitionReader:Loading XML bean definitions from class path resource [context.xml]
2019-01-08-main--INFO -com.cg.app.aspect.ValidationAspect:@Around : Before- Logging the method
2019-01-08-main--INFO -com.cg.app.aspect.ValidationAspect:@Before : Before - Logging the method
2019-01-08-main--INFO -com.cg.app.aspect.ValidationAspect:@Around : After- Logging the method
2019-01-08-main--INFO -com.cg.app.aspect.ValidationAspect:@After : After- Logging the method
2019-01-08-main--INFO -com.cg.app.aspect.ValidationAspect:@Around : Before- Logging the method
2019-01-08-main--INFO -com.cg.app.aspect.ValidationAspect:@Before : Before - Logging the method
2019-01-08-main--INFO -com.cg.app.aspect.ValidationAspect:@Around : After- Logging the method
2019-01-08-main--INFO -com.cg.app.aspect.ValidationAspect:@After : After- Logging the method
2019-01-08-main--INFO -com.cg.app.aspect.ValidationAspect:
2019-01-08-main--INFO -org.springframework.context.support.ClassPathXmlApplicationContext:Refreshing org.springframework.context.support.ClassPathXmlApplicationContext@2957fcb0: startup date [Tue Jan 08 13:26:45 IST 2019]; root of context hierarchy
2019-01-08-main--INFO -org.springframework.beans.factory.xml.XmlBeanDefinitionReader:Loading XML bean definitions from class path resource [context.xml]
2019-01-08-main--INFO -com.cg.app.aspect.ValidationAspect:@Around : Before- Logging the method
2019-01-08-main--INFO -com.cg.app.aspect.ValidationAspect:@Before : Before - Logging the method
2019-01-08-main--INFO -com.cg.app.aspect.ValidationAspect:@Around : After- Logging the method
2019-01-08-main--INFO -com.cg.app.aspect.ValidationAspect:@After : After- Logging the method
2019-01-08-main--INFO -com.cg.app.aspect.ValidationAspect:@Around : Before- Logging the method
2019-01-08-main--INFO -com.cg.app.aspect.ValidationAspect:@Before : Before - Logging the method
2019-01-08-main--INFO -com.cg.app.aspect.ValidationAspect:@Around : After- Logging the method
2019-01-08-main--INFO -com.cg.app.aspect.ValidationAspect:@After : After- Logging the method
2019-01-08-main--INFO -com.cg.app.aspect.ValidationAspect:
2019-01-08-main--INFO -org.springframework.context.support.ClassPathXmlApplicationContext:Refreshing org.springframework.context.support.ClassPathXmlApplicationContext@2957fcb0: startup date [Tue Jan 08 13:27:24 IST 2019]; root of context hierarchy
2019-01-08-main--INFO -org.springframework.beans.factory.xml.XmlBeanDefinitionReader:Loading XML bean definitions from class path resource [context.xml]
2019-01-08-main--INFO -com.cg.app.aspect.ValidationAspect:@Around : Before- Logging the method
2019-01-08-main--INFO -com.cg.app.aspect.ValidationAspect:@Before : Before - Logging the method
2019-01-08-main--INFO -com.cg.app.aspect.ValidationAspect:@Around : After- Logging the method
2019-01-08-main--INFO -com.cg.app.aspect.ValidationAspect:@After : After- Logging the method
2019-01-08-main--INFO -com.cg.app.aspect.ValidationAspect:@Around : Before- Logging the method
2019-01-08-main--INFO -com.cg.app.aspect.ValidationAspect:@Before : Before - Logging the method
2019-01-08-main--INFO -com.cg.app.aspect.ValidationAspect:@Around : After- Logging the method
2019-01-08-main--INFO -com.cg.app.aspect.ValidationAspect:@After : After- Logging the method
2019-01-08-main--INFO -com.cg.app.aspect.ValidationAspect:returned value : null
2019-01-08-main--INFO -org.springframework.context.support.ClassPathXmlApplicationContext:Refreshing org.springframework.context.support.ClassPathXmlApplicationContext@2957fcb0: startup date [Tue Jan 08 13:27:46 IST 2019]; root of context hierarchy
2019-01-08-main--INFO -org.springframework.beans.factory.xml.XmlBeanDefinitionReader:Loading XML bean definitions from class path resource [context.xml]
2019-01-08-main--INFO -com.cg.app.aspect.ValidationAspect:@Around : Before- Logging the method
2019-01-08-main--INFO -com.cg.app.aspect.ValidationAspect:@Before : Before - Logging the method
2019-01-08-main--INFO -com.cg.app.aspect.ValidationAspect:@Around : After- Logging the method
2019-01-08-main--INFO -com.cg.app.aspect.ValidationAspect:@After : After- Logging the method
2019-01-08-main--INFO -com.cg.app.aspect.ValidationAspect:@Around : Before- Logging the method
2019-01-08-main--INFO -com.cg.app.aspect.ValidationAspect:@Before : Before - Logging the method
2019-01-08-main--INFO -com.cg.app.aspect.ValidationAspect:@Around : After- Logging the method
2019-01-08-main--INFO -com.cg.app.aspect.ValidationAspect:@After : After- Logging the method
2019-01-08-main--INFO -com.cg.app.aspect.ValidationAspect:returned value : null
2019-01-08-main--INFO -org.springframework.context.support.ClassPathXmlApplicationContext:Refreshing org.springframework.context.support.ClassPathXmlApplicationContext@2957fcb0: startup date [Tue Jan 08 13:27:59 IST 2019]; root of context hierarchy
2019-01-08-main--INFO -org.springframework.beans.factory.xml.XmlBeanDefinitionReader:Loading XML bean definitions from class path resource [context.xml]
2019-01-08-main--INFO -com.cg.app.aspect.ValidationAspect:@Around : Before- Logging the method
2019-01-08-main--INFO -com.cg.app.aspect.ValidationAspect:@Before : Before - Logging the method
2019-01-08-main--INFO -com.cg.app.aspect.ValidationAspect:@Around : After- Logging the method
2019-01-08-main--INFO -com.cg.app.aspect.ValidationAspect:@After : After- Logging the method
2019-01-08-main--INFO -com.cg.app.aspect.ValidationAspect:@Around : Before- Logging the method
2019-01-08-main--INFO -com.cg.app.aspect.ValidationAspect:@Before : Before - Logging the method
2019-01-08-main--INFO -com.cg.app.aspect.ValidationAspect:@Around : After- Logging the method
2019-01-08-main--INFO -com.cg.app.aspect.ValidationAspect:@After : After- Logging the method
2019-01-08-main--INFO -com.cg.app.aspect.ValidationAspect:returned value : null
2019-01-08-main--INFO -org.springframework.context.support.ClassPathXmlApplicationContext:Refreshing org.springframework.context.support.ClassPathXmlApplicationContext@2957fcb0: startup date [Tue Jan 08 13:28:53 IST 2019]; root of context hierarchy
2019-01-08-main--INFO -org.springframework.beans.factory.xml.XmlBeanDefinitionReader:Loading XML bean definitions from class path resource [context.xml]
2019-01-08-main--INFO -com.cg.app.aspect.ValidationAspect:@Around : Before- Logging the method
2019-01-08-main--INFO -com.cg.app.aspect.ValidationAspect:@Before : Before - Logging the method
2019-01-08-main--INFO -com.cg.app.aspect.ValidationAspect:@Around : After- Logging the method
2019-01-08-main--INFO -com.cg.app.aspect.ValidationAspect:@After : After- Logging the method
2019-01-08-main--INFO -com.cg.app.aspect.ValidationAspect:@Before : Before - Logging the method
2019-01-08-main--INFO -com.cg.app.aspect.ValidationAspect:@After : After- Logging the method
2019-01-08-main--INFO -com.cg.app.aspect.ValidationAspect:returned value : 150
2019-01-08-main--INFO -org.springframework.context.support.ClassPathXmlApplicationContext:Refreshing org.springframework.context.support.ClassPathXmlApplicationContext@2957fcb0: startup date [Tue Jan 08 13:29:28 IST 2019]; root of context hierarchy
2019-01-08-main--INFO -org.springframework.beans.factory.xml.XmlBeanDefinitionReader:Loading XML bean definitions from class path resource [context.xml]
2019-01-08-main--INFO -com.cg.app.aspect.ValidationAspect:@Before : Before - Logging the method
2019-01-08-main--INFO -com.cg.app.aspect.ValidationAspect:@After : After- Logging the method
2019-01-08-main--INFO -com.cg.app.aspect.ValidationAspect:@Around : Before- Logging the method
2019-01-08-main--INFO -com.cg.app.aspect.ValidationAspect:@Before : Before - Logging the method
2019-01-08-main--INFO -com.cg.app.aspect.ValidationAspect:@Around : After- Logging the method
2019-01-08-main--INFO -com.cg.app.aspect.ValidationAspect:@After : After- Logging the method
2019-01-08-main--INFO -com.cg.app.aspect.ValidationAspect:returned value : null
2019-01-08-main--INFO -org.springframework.context.support.ClassPathXmlApplicationContext:Refreshing org.springframework.context.support.ClassPathXmlApplicationContext@2957fcb0: startup date [Tue Jan 08 13:29:54 IST 2019]; root of context hierarchy
2019-01-08-main--INFO -org.springframework.beans.factory.xml.XmlBeanDefinitionReader:Loading XML bean definitions from class path resource [context.xml]
2019-01-08-main--INFO -com.cg.app.aspect.ValidationAspect:@Around : Before- Logging the method
2019-01-08-main--INFO -com.cg.app.aspect.ValidationAspect:@Before : Before - Logging the method
2019-01-08-main--INFO -com.cg.app.aspect.ValidationAspect:@Around : After- Logging the method
2019-01-08-main--INFO -com.cg.app.aspect.ValidationAspect:@After : After- Logging the method
2019-01-08-main--INFO -com.cg.app.aspect.ValidationAspect:@Before : Before - Logging the method
2019-01-08-main--INFO -com.cg.app.aspect.ValidationAspect:@After : After- Logging the method
2019-01-08-main--INFO -com.cg.app.aspect.ValidationAspect:returned value : 150
2019-01-08-main--INFO -org.springframework.context.support.ClassPathXmlApplicationContext:Refreshing org.springframework.context.support.ClassPathXmlApplicationContext@2957fcb0: startup date [Tue Jan 08 13:33:42 IST 2019]; root of context hierarchy
2019-01-08-main--INFO -org.springframework.beans.factory.xml.XmlBeanDefinitionReader:Loading XML bean definitions from class path resource [context.xml]
2019-01-08-main--WARN -org.springframework.context.support.ClassPathXmlApplicationContext:Exception encountered during context initialization - cancelling refresh attempt: org.springframework.beans.factory.BeanCreationException: Error creating bean with name 'calculator' defined in file [C:\Shubham\Maven\springaop\target\classes\com\cg\app\service\Calculator.class]: BeanPostProcessor before instantiation of bean failed; nested exception is java.lang.IllegalStateException: Throwing argument name 'Exception' was not bound in advice arguments
2019-01-08-main--INFO -org.springframework.context.support.ClassPathXmlApplicationContext:Refreshing org.springframework.context.support.ClassPathXmlApplicationContext@2957fcb0: startup date [Tue Jan 08 13:36:15 IST 2019]; root of context hierarchy
2019-01-08-main--INFO -org.springframework.beans.factory.xml.XmlBeanDefinitionReader:Loading XML bean definitions from class path resource [context.xml]
2019-01-08-main--WARN -org.springframework.context.support.ClassPathXmlApplicationContext:Exception encountered during context initialization - cancelling refresh attempt: org.springframework.beans.factory.BeanCreationException: Error creating bean with name 'calculator' defined in file [C:\Shubham\Maven\springaop\target\classes\com\cg\app\service\Calculator.class]: BeanPostProcessor before instantiation of bean failed; nested exception is java.lang.IllegalStateException: Throwing argument name 'Exception' was not bound in advice arguments
2019-01-08-main--INFO -org.springframework.context.support.ClassPathXmlApplicationContext:Refreshing org.springframework.context.support.ClassPathXmlApplicationContext@2957fcb0: startup date [Tue Jan 08 13:36:59 IST 2019]; root of context hierarchy
2019-01-08-main--INFO -org.springframework.beans.factory.xml.XmlBeanDefinitionReader:Loading XML bean definitions from class path resource [context.xml]
2019-01-08-main--WARN -org.springframework.context.support.ClassPathXmlApplicationContext:Exception encountered during context initialization - cancelling refresh attempt: org.springframework.beans.factory.BeanCreationException: Error creating bean with name 'calculator' defined in file [C:\Shubham\Maven\springaop\target\classes\com\cg\app\service\Calculator.class]: BeanPostProcessor before instantiation of bean failed; nested exception is java.lang.IllegalArgumentException: Throwing name 'Exception.class' is neither a valid argument name nor the fully-qualified name of a Java type on the classpath. Root cause: java.lang.ClassNotFoundException: Exception.class
2019-01-08-main--INFO -org.springframework.context.support.ClassPathXmlApplicationContext:Refreshing org.springframework.context.support.ClassPathXmlApplicationContext@2957fcb0: startup date [Tue Jan 08 13:39:10 IST 2019]; root of context hierarchy
2019-01-08-main--INFO -org.springframework.beans.factory.xml.XmlBeanDefinitionReader:Loading XML bean definitions from class path resource [context.xml]
2019-01-08-main--WARN -org.springframework.context.support.ClassPathXmlApplicationContext:Exception encountered during context initialization - cancelling refresh attempt: org.springframework.beans.factory.BeanCreationException: Error creating bean with name 'calculator' defined in file [C:\Shubham\Maven\springaop\target\classes\com\cg\app\service\Calculator.class]: BeanPostProcessor before instantiation of bean failed; nested exception is java.lang.IllegalArgumentException: Throwing name 'Exception.class' is neither a valid argument name nor the fully-qualified name of a Java type on the classpath. Root cause: java.lang.ClassNotFoundException: Exception.class
2019-01-08-main--INFO -org.springframework.context.support.ClassPathXmlApplicationContext:Refreshing org.springframework.context.support.ClassPathXmlApplicationContext@2957fcb0: startup date [Tue Jan 08 13:43:16 IST 2019]; root of context hierarchy
2019-01-08-main--INFO -org.springframework.beans.factory.xml.XmlBeanDefinitionReader:Loading XML bean definitions from class path resource [context.xml]
2019-01-08-main--INFO -com.cg.app.aspect.ValidationAspect:@Around : Before- Logging the method
2019-01-08-main--INFO -com.cg.app.aspect.ValidationAspect:@Before : Before - Logging the method
2019-01-08-main--INFO -com.cg.app.aspect.ValidationAspect:@Around : After- Logging the method
2019-01-08-main--INFO -com.cg.app.aspect.ValidationAspect:@After : After- Logging the method
2019-01-08-main--INFO -com.cg.app.aspect.ValidationAspect:@Before : Before - Logging the method
2019-01-08-main--INFO -com.cg.app.aspect.ValidationAspect:@After : After- Logging the method
2019-01-08-main--INFO -com.cg.app.aspect.ValidationAspect:returned value : 150
2019-01-08-main--INFO -com.cg.app.aspect.ValidationAspect:@Before : Before - Logging the method
2019-01-08-main--INFO -com.cg.app.aspect.ValidationAspect:@After : After- Logging the method
2019-01-08-main--ERROR-com.cg.app.aspect.ValidationAspect:@AfterThrowing : java.lang.Exception
2019-01-08-main--INFO -org.springframework.context.support.ClassPathXmlApplicationContext:Refreshing org.springframework.context.support.ClassPathXmlApplicationContext@2957fcb0: startup date [Tue Jan 08 13:44:45 IST 2019]; root of context hierarchy
2019-01-08-main--INFO -org.springframework.beans.factory.xml.XmlBeanDefinitionReader:Loading XML bean definitions from class path resource [context.xml]
2019-01-08-main--INFO -com.cg.app.aspect.ValidationAspect:@Around : Before- Logging the method
2019-01-08-main--INFO -com.cg.app.aspect.ValidationAspect:@Before : Before - Logging the method
2019-01-08-main--INFO -com.cg.app.aspect.ValidationAspect:@Around : After- Logging the method
2019-01-08-main--INFO -com.cg.app.aspect.ValidationAspect:@After : After- Logging the method
2019-01-08-main--INFO -com.cg.app.aspect.ValidationAspect:@Before : Before - Logging the method
2019-01-08-main--INFO -com.cg.app.aspect.ValidationAspect:@After : After- Logging the method
2019-01-08-main--INFO -com.cg.app.aspect.ValidationAspect:returned value : 150
2019-01-08-main--INFO -com.cg.app.aspect.ValidationAspect:@Before : Before - Logging the method
2019-01-08-main--INFO -com.cg.app.aspect.ValidationAspect:@After : After- Logging the method
2019-01-08-main--ERROR-com.cg.app.aspect.ValidationAspect:@AfterThrowing : java.lang.IllegalArgumentException
2019-01-08-main--INFO -org.springframework.context.support.ClassPathXmlApplicationContext:Refreshing org.springframework.context.support.ClassPathXmlApplicationContext@2957fcb0: startup date [Tue Jan 08 15:43:12 IST 2019]; root of context hierarchy
2019-01-08-main--INFO -org.springframework.beans.factory.xml.XmlBeanDefinitionReader:Loading XML bean definitions from class path resource [context.xml]
2019-01-08-main--INFO -com.cg.app.aspect.ValidationAspect:@Around : Before- Logging the method
2019-01-08-main--INFO -com.cg.app.aspect.ValidationAspect:@Before : Before - Logging the method
2019-01-08-main--INFO -com.cg.app.aspect.ValidationAspect:@Around : After- Logging the method
2019-01-08-main--INFO -com.cg.app.aspect.ValidationAspect:@After : After- Logging the method
2019-01-08-main--INFO -com.cg.app.aspect.ValidationAspect:@Before : Before - Logging the method
2019-01-08-main--INFO -com.cg.app.aspect.ValidationAspect:@After : After- Logging the method
2019-01-08-main--INFO -com.cg.app.aspect.ValidationAspect:returned value : 150
2019-01-08-main--INFO -com.cg.app.aspect.ValidationAspect:@Before : Before - Logging the method
2019-01-08-main--INFO -com.cg.app.aspect.ValidationAspect:@After : After- Logging the method
2019-01-08-main--ERROR-com.cg.app.aspect.ValidationAspect:@AfterThrowing : java.lang.IllegalArgumentException
2019-01-08-main--INFO -org.springframework.context.support.ClassPathXmlApplicationContext:Refreshing org.springframework.context.support.ClassPathXmlApplicationContext@2957fcb0: startup date [Tue Jan 08 15:44:01 IST 2019]; root of context hierarchy
2019-01-08-main--INFO -org.springframework.beans.factory.xml.XmlBeanDefinitionReader:Loading XML bean definitions from class path resource [context.xml]
2019-01-08-main--INFO -com.cg.app.aspect.ValidationAspect:@Around : Before- Logging the method
2019-01-08-main--INFO -com.cg.app.aspect.ValidationAspect:@Before : Before - Logging the method
2019-01-08-main--INFO -com.cg.app.aspect.ValidationAspect:@Around : After- Logging the method
2019-01-08-main--INFO -com.cg.app.aspect.ValidationAspect:@After : After- Logging the method
2019-01-08-main--INFO -com.cg.app.aspect.ValidationAspect:@Before : Before - Logging the method
2019-01-08-main--INFO -com.cg.app.aspect.ValidationAspect:@After : After- Logging the method
2019-01-08-main--INFO -com.cg.app.aspect.ValidationAspect:returned value : 150
2019-01-08-main--INFO -com.cg.app.aspect.ValidationAspect:@Before : Before - Logging the method
2019-01-08-main--INFO -com.cg.app.aspect.ValidationAspect:@After : After- Logging the method
2019-01-08-main--ERROR-com.cg.app.aspect.ValidationAspect:@AfterThrowing : java.lang.IllegalArgumentException
